Build started 16.09.2012 13:41:25.
     1>Project "c:\Users\razy\documents\visual studio 2012\Projects\NewBeaEngineResearch\NewBeaEngineResearch\NewBeaEngineResearch.vcxproj" on node 2 (Build target(s)).
     1>InitializeBuildStatus:
         Creating "Debug\NewBeaEngineResearch.unsuccessfulbuild" because "AlwaysCreate" was specified.
       ClCompile:
         D:\Program Files (x86)\Microsoft Visual Studio 11.0\VC\bin\CL.exe /c /ZI /nologo /W3 /WX- /Od /Oy- /D WIN32 /D _DEBUG /D _CONSOLE /D _UNICODE /D UNICODE /Gm /EHsc /RTC1 /MDd /GS /fp:precise /Zc:wchar_t /Zc:forScope /Fo"Debug\\" /Fd"Debug\vc110.pdb" /Gd /TP /analyze- /errorReport:prompt InstructionContainer.cpp main.cpp
         InstructionContainer.cpp
         Generating Code...
         Skipping... (no relevant changes detected)
         main.cpp
       Link:
         D:\Program Files (x86)\Microsoft Visual Studio 11.0\VC\bin\link.exe /ERRORREPORT:PROMPT /OUT:"c:\Users\razy\Documents\Visual Studio 2012\Projects\NewBeaEngineResearch\Debug\NewBeaEngineResearch.exe" /INCREMENTAL /NOLOGO kernel32.lib user32.lib gdi32.lib winspool.lib comdlg32.lib advapi32.lib shell32.lib ole32.lib oleaut32.lib uuid.lib odbc32.lib odbccp32.lib /MANIFEST /MANIFESTUAC:"level='asInvoker' uiAccess='false'" /manifest:embed /DEBUG /PDB:"c:\Users\razy\Documents\Visual Studio 2012\Projects\NewBeaEngineResearch\Debug\NewBeaEngineResearch.pdb" /SUBSYSTEM:CONSOLE /TLBID:1 /DYNAMICBASE /NXCOMPAT /IMPLIB:"c:\Users\razy\Documents\Visual Studio 2012\Projects\NewBeaEngineResearch\Debug\NewBeaEngineResearch.lib" /MACHINE:X86 Debug\CodeChunk.obj
         Debug\InstructionContainer.obj
         Debug\main.obj
         NewBeaEngineResearch.vcxproj -> c:\Users\razy\Documents\Visual Studio 2012\Projects\NewBeaEngineResearch\Debug\NewBeaEngineResearch.exe
       PostBuildEvent:
         xcopy /y "c:\Users\razy\documents\visual studio 2012\Projects\NewBeaEngineResearch\NewBeaEngineResearch\bin\*.dll" "c:\Users\razy\Documents\Visual Studio 2012\Projects\NewBeaEngineResearch\Debug\"
         :VCEnd
         C:\Users\razy\documents\visual studio 2012\Projects\NewBeaEngineResearch\NewBeaEngineResearch\bin\BeaEngine.dll
         C:\Users\razy\documents\visual studio 2012\Projects\NewBeaEngineResearch\NewBeaEngineResearch\bin\BeaEngineCheetah.dll
         2 File(s) copied
       FinalizeBuildStatus:
         Deleting file "Debug\NewBeaEngineResearch.unsuccessfulbuild".
         Touching "Debug\NewBeaEngineResearch.lastbuildstate".
     1>Done Building Project "c:\Users\razy\documents\visual studio 2012\Projects\NewBeaEngineResearch\NewBeaEngineResearch\NewBeaEngineResearch.vcxproj" (Build target(s)).

Build succeeded.

Time Elapsed 00:00:00.88
